<?xml version="1.0" encoding="UTF-8"?>
<!-- Generated by org.testng.reporters.JUnitReportReporter -->
<testsuite hostname="DESKTOP-LHDMN2A" failures="0" tests="5" name="Automation.TestCases" time="13.547" errors="0" timestamp="2025-10-20T00:38:56 EET" skipped="0">
  <testcase classname="Automation.TestCases" name="AddNewRecord" time="0.380"/>
  <testcase classname="Automation.TestCases" name="updateData" time="0.251"/>
  <testcase classname="Automation.TestCases" name="ReadData" time="0.087"/>
  <testcase classname="Automation.TestCases" name="deleteData" time="0.130"/>
  <testcase classname="Automation.TestCases" name="SignupTest" time="12.699"/>
</testsuite> <!-- Automation.TestCases -->
