<?xml version="1.0" encoding="UTF-8"?>
<!-- Generated by org.testng.reporters.JUnitReportReporter -->
<testsuite hostname="DESKTOP-LHDMN2A" failures="0" tests="4" name="Automation.MyTestCases" time="3.517" errors="0" timestamp="2025-10-19T23:30:32 EET" skipped="3">
  <testcase classname="Automation.MyTestCases" name="Additems" time="3.517"/>
  <testcase classname="Automation.MyTestCases" name="Login">
    <skipped/>
  </testcase> <!-- Login -->
  <testcase classname="Automation.MyTestCases" name="Logout">
    <skipped/>
  </testcase> <!-- Logout -->
  <testcase classname="Automation.MyTestCases" name="SignUp">
    <skipped/>
  </testcase> <!-- SignUp -->
</testsuite> <!-- Automation.MyTestCases -->
